# JRE version: Java(TM) SE Runtime Environment (8.0_211-b12) (build 1.8.0_211-b12)
# Java VM: Java HotSpot(TM) 64-Bit Server VM (25.211-b12 mixed mode windows-amd64 compressed oops)
Heap:
 PSYoungGen      total 416768K, used 315155K [0x00000000e0000000, 0x0000000100000000, 0x0000000100000000)
  eden space 313344K, 82% used [0x00000000e0000000,0x00000000efd5ac30,0x00000000f3200000)
  from space 103424K, 53% used [0x00000000f3200000,0x00000000f686a180,0x00000000f9700000)
  to   space 102912K, 0% used [0x00000000f9b80000,0x00000000f9b80000,0x0000000100000000)
 ParOldGen       total 525312K, used 186346K [0x00000000a0000000, 0x00000000c0100000, 0x00000000e0000000)
  object space 525312K, 35% used [0x00000000a0000000,0x00000000ab5fab68,0x00000000c0100000)
 Metaspace       used 170070K, capacity 179555K, committed 179712K, reserved 1206272K
  class space    used 21993K, capacity 23803K, committed 23808K, reserved 1048576K
GC Heap History (10 events):
Event: 214.916 GC heap before
{Heap before GC invocations=30 (full 4):
 PSYoungGen      total 450048K, used 145146K [0x00000000e0000000, 0x0000000100000000, 0x0000000100000000)
  eden space 375808K, 18% used [0x00000000e0000000,0x00000000e4545020,0x00000000f6f00000)
  from space 74240K, 99% used [0x00000000f6f00000,0x00000000fb779910,0x00000000fb780000)
  to   space 74240K, 0% used [0x00000000fb780000,0x00000000fb780000,0x0000000100000000)
 ParOldGen       total 398848K, used 146472K [0x00000000a0000000, 0x00000000b8580000, 0x00000000e0000000)
  object space 398848K, 36% used [0x00000000a0000000,0x00000000a8f0a3a8,0x00000000b8580000)
 Metaspace       used 155237K, capacity 164225K, committed 164336K, reserved 1191936K
  class space    used 20119K, capacity 21839K, committed 21888K, reserved 1048576K
Event: 214.952 GC heap after
Heap after GC invocations=30 (full 4):
 PSYoungGen      total 384512K, used 74230K [0x00000000e0000000, 0x0000000100000000, 0x0000000100000000)
  eden space 310272K, 0% used [0x00000000e0000000,0x00000000e0000000,0x00000000f2f00000)
  from space 74240K, 99% used [0x00000000fb780000,0x00000000ffffdba8,0x0000000100000000)
  to   space 107008K, 0% used [0x00000000f2f00000,0x00000000f2f00000,0x00000000f9780000)
 ParOldGen       total 398848K, used 157717K [0x00000000a0000000, 0x00000000b8580000, 0x00000000e0000000)
  object space 398848K, 39% used [0x00000000a0000000,0x00000000a9a054c8,0x00000000b8580000)
 Metaspace       used 155237K, capacity 164225K, committed 164336K, reserved 1191936K
  class space    used 20119K, capacity 21839K, committed 21888K, reserved 1048576K
}
Event: 214.952 GC heap before
{Heap before GC invocations=31 (full 5):
 PSYoungGen      total 384512K, used 74230K [0x00000000e0000000, 0x0000000100000000, 0x0000000100000000)
  eden space 310272K, 0% used [0x00000000e0000000,0x00000000e0000000,0x00000000f2f00000)
  from space 74240K, 99% used [0x00000000fb780000,0x00000000ffffdba8,0x0000000100000000)
  to   space 107008K, 0% used [0x00000000f2f00000,0x00000000f2f00000,0x00000000f9780000)
 ParOldGen       total 398848K, used 157717K [0x00000000a0000000, 0x00000000b8580000, 0x00000000e0000000)
  object space 398848K, 39% used [0x00000000a0000000,0x00000000a9a054c8,0x00000000b8580000)
 Metaspace       used 155237K, capacity 164225K, committed 164336K, reserved 1191936K
  class space    used 20119K, capacity 21839K, committed 21888K, reserved 1048576K
Event: 215.354 GC heap after
Heap after GC invocations=31 (full 5):
 PSYoungGen      total 384512K, used 0K [0x00000000e0000000, 0x0000000100000000, 0x0000000100000000)
  eden space 310272K, 0% used [0x00000000e0000000,0x00000000e0000000,0x00000000f2f00000)
  from space 74240K, 0% used [0x00000000fb780000,0x00000000fb780000,0x0000000100000000)
  to   space 107008K, 0% used [0x00000000f2f00000,0x00000000f2f00000,0x00000000f9780000)
 ParOldGen       total 525312K, used 186322K [0x00000000a0000000, 0x00000000c0100000, 0x00000000e0000000)
  object space 525312K, 35% used [0x00000000a0000000,0x00000000ab5f4b68,0x00000000c0100000)
 Metaspace       used 155202K, capacity 164123K, committed 164336K, reserved 1191936K
  class space    used 20107K, capacity 21818K, committed 21888K, reserved 1048576K
}
Event: 217.809 GC heap before
{Heap before GC invocations=32 (full 5):
 PSYoungGen      total 384512K, used 310272K [0x00000000e0000000, 0x0000000100000000, 0x0000000100000000)
  eden space 310272K, 100% used [0x00000000e0000000,0x00000000f2f00000,0x00000000f2f00000)
  from space 74240K, 0% used [0x00000000fb780000,0x00000000fb780000,0x0000000100000000)
  to   space 107008K, 0% used [0x00000000f2f00000,0x00000000f2f00000,0x00000000f9780000)
 ParOldGen       total 525312K, used 186322K [0x00000000a0000000, 0x00000000c0100000, 0x00000000e0000000)
  object space 525312K, 35% used [0x00000000a0000000,0x00000000ab5f4b68,0x00000000c0100000)
 Metaspace       used 167598K, capacity 176743K, committed 177024K, reserved 1202176K
  class space    used 21666K, capacity 23383K, committed 23424K, reserved 1048576K
Event: 217.832 GC heap after
Heap after GC invocations=32 (full 5):
 PSYoungGen      total 417280K, used 28088K [0x00000000e0000000, 0x0000000100000000, 0x0000000100000000)
  eden space 310272K, 0% used [0x00000000e0000000,0x00000000e0000000,0x00000000f2f00000)
  from space 107008K, 26% used [0x00000000f2f00000,0x00000000f4a6e378,0x00000000f9780000)
  to   space 103936K, 0% used [0x00000000f9a80000,0x00000000f9a80000,0x0000000100000000)
 ParOldGen       total 525312K, used 186330K [0x00000000a0000000, 0x00000000c0100000, 0x00000000e0000000)
  object space 525312K, 35% used [0x00000000a0000000,0x00000000ab5f6b68,0x00000000c0100000)
 Metaspace       used 167598K, capacity 176743K, committed 177024K, reserved 1202176K
  class space    used 21666K, capacity 23383K, committed 23424K, reserved 1048576K
}
Event: 221.365 GC heap before
{Heap before GC invocations=33 (full 5):
 PSYoungGen      total 417280K, used 338360K [0x00000000e0000000, 0x0000000100000000, 0x0000000100000000)
  eden space 310272K, 100% used [0x00000000e0000000,0x00000000f2f00000,0x00000000f2f00000)
  from space 107008K, 26% used [0x00000000f2f00000,0x00000000f4a6e378,0x00000000f9780000)
  to   space 103936K, 0% used [0x00000000f9a80000,0x00000000f9a80000,0x0000000100000000)
 ParOldGen       total 525312K, used 186330K [0x00000000a0000000, 0x00000000c0100000, 0x00000000e0000000)
  object space 525312K, 35% used [0x00000000a0000000,0x00000000ab5f6b68,0x00000000c0100000)
 Metaspace       used 168033K, capacity 177155K, committed 177408K, reserved 1204224K
  class space    used 21691K, capacity 23425K, committed 23552K, reserved 1048576K
Event: 221.379 GC heap after
Heap after GC invocations=33 (full 5):
 PSYoungGen      total 413184K, used 8963K [0x00000000e0000000, 0x00000000ffc00000, 0x0000000100000000)
  eden space 313344K, 0% used [0x00000000e0000000,0x00000000e0000000,0x00000000f3200000)
  from space 99840K, 8% used [0x00000000f9a80000,0x00000000fa340e80,0x00000000ffc00000)
  to   space 103424K, 0% used [0x00000000f3200000,0x00000000f3200000,0x00000000f9700000)
 ParOldGen       total 525312K, used 186338K [0x00000000a0000000, 0x00000000c0100000, 0x00000000e0000000)
  object space 525312K, 35% used [0x00000000a0000000,0x00000000ab5f8b68,0x00000000c0100000)
 Metaspace       used 168033K, capacity 177155K, committed 177408K, reserved 1204224K
  class space    used 21691K, capacity 23425K, committed 23552K, reserved 1048576K
}
Event: 223.109 GC heap before
{Heap before GC invocations=34 (full 5):
 PSYoungGen      total 413184K, used 322307K [0x00000000e0000000, 0x00000000ffc00000, 0x0000000100000000)
  eden space 313344K, 100% used [0x00000000e0000000,0x00000000f3200000,0x00000000f3200000)
  from space 99840K, 8% used [0x00000000f9a80000,0x00000000fa340e80,0x00000000ffc00000)
  to   space 103424K, 0% used [0x00000000f3200000,0x00000000f3200000,0x00000000f9700000)
 ParOldGen       total 525312K, used 186338K [0x00000000a0000000, 0x00000000c0100000, 0x00000000e0000000)
  object space 525312K, 35% used [0x00000000a0000000,0x00000000ab5f8b68,0x00000000c0100000)
 Metaspace       used 168330K, capacity 177485K, committed 177664K, reserved 1204224K
  class space    used 21736K, capacity 23466K, committed 23552K, reserved 1048576K
Event: 223.127 GC heap after
Heap after GC invocations=34 (full 5):
 PSYoungGen      total 416768K, used 55720K [0x00000000e0000000, 0x0000000100000000, 0x0000000100000000)
  eden space 313344K, 0% used [0x00000000e0000000,0x00000000e0000000,0x00000000f3200000)
  from space 103424K, 53% used [0x00000000f3200000,0x00000000f686a180,0x00000000f9700000)
  to   space 102912K, 0% used [0x00000000f9b80000,0x00000000f9b80000,0x0000000100000000)
 ParOldGen       total 525312K, used 186346K [0x00000000a0000000, 0x00000000c0100000, 0x00000000e0000000)
  object space 525312K, 35% used [0x00000000a0000000,0x00000000ab5fab68,0x00000000c0100000)
 Metaspace       used 168330K, capacity 177485K, committed 177664K, reserved 1204224K
  class space    used 21736K, capacity 23466K, committed 23552K, reserved 1048576K
}

